<?xml version="1.0" encoding="UTF-8"?>
<testng-results ignored="0" total="1" passed="1" failed="0" skipped="0">
  <reporter-output>
  </reporter-output>
  <suite started-at="2021-08-24T19:04:35 CEST" name="Default suite" finished-at="2021-08-24T19:04:53 CEST" duration-ms="17890">
    <groups>
    </groups>
    <test started-at="2021-08-24T19:04:35 CEST" name="Default test" finished-at="2021-08-24T19:04:53 CEST" duration-ms="17890">
      <class name="Testpack.Loginapplication">
        <test-method signature="Login()[pri:0, instance:Testpack.Loginapplication@54c562f7]" started-at="2021-08-24T19:04:35 CEST" name="Login" finished-at="2021-08-24T19:04:53 CEST" duration-ms="17850" status="PASS">
          <reporter-output>
          </reporter-output>
        </test-method> <!-- Login -->
      </class> <!-- Testpack.Loginapplication -->
    </test> <!-- Default test -->
  </suite> <!-- Default suite -->
</testng-results>
